INFO:sim:172 - Generating IP...
Applying current project options...
Finished applying current project options.
WARNING:sim - A core named 'VGA_FONT_DST' already exists in the project. Output
   products for this core may be overwritten.
Resolving generics for 'VGA_FONT_DST'...
WARNING:sim - A core named 'VGA_FONT_DST' already exists in the project. Output
   products for this core may be overwritten.
Applying external generics to 'VGA_FONT_DST'...
Delivering associated files for 'VGA_FONT_DST'...
Delivering EJava files for 'VGA_FONT_DST'...
Generating implementation netlist for 'VGA_FONT_DST'...
INFO:sim - Pre-processing HDL files for 'VGA_FONT_DST'...
Running synthesis for 'VGA_FONT_DST'
Running ngcbuild...
Writing VEO instantiation template for 'VGA_FONT_DST'...
Writing Verilog behavioral simulation model for 'VGA_FONT_DST'...
WARNING:sim - Overwriting existing file
   /home/tati/Cores/xt_lite_zxdos_black/HW/ipcore_dir/tmp/_cg/VGA_FONT_DST/doc/d
   ist_mem_gen_v7_2_vinfo.html with file from view xilinx_documentation
Delivered 2 files into directory
/home/tati/Cores/xt_lite_zxdos_black/HW/ipcore_dir/tmp/_cg/VGA_FONT_DST
Generating ASY schematic symbol...
INFO:sim:949 - Finished generation of ASY schematic symbol.
Generating SYM schematic symbol for 'VGA_FONT_DST'...
Generating metadata file...
Regenerating ISE project file for 'VGA_FONT_DST'...
Generating ISE project...
XCO file found: VGA_FONT_DST.xco
XMDF file found: VGA_FONT_DST_xmdf.tcl
Adding
/home/tati/Cores/xt_lite_zxdos_black/HW/ipcore_dir/tmp/_cg/VGA_FONT_DST.asy
-view all -origin_type imported
Adding
/home/tati/Cores/xt_lite_zxdos_black/HW/ipcore_dir/tmp/_cg/VGA_FONT_DST.ngc
-view all -origin_type created
Checking file
"/home/tati/Cores/xt_lite_zxdos_black/HW/ipcore_dir/tmp/_cg/VGA_FONT_DST.ngc"
for project device match ...
File
"/home/tati/Cores/xt_lite_zxdos_black/HW/ipcore_dir/tmp/_cg/VGA_FONT_DST.ngc"
device information matches project device.
Adding
/home/tati/Cores/xt_lite_zxdos_black/HW/ipcore_dir/tmp/_cg/VGA_FONT_DST.sym
-view all -origin_type imported
Adding /home/tati/Cores/xt_lite_zxdos_black/HW/ipcore_dir/tmp/_cg/VGA_FONT_DST.v
-view all -origin_type created
INFO:HDLCompiler:1845 - Analyzing Verilog file
   "/home/tati/Cores/xt_lite_zxdos_black/HW/ipcore_dir/tmp/_cg/VGA_FONT_DST.v"
   into library work
INFO:ProjectMgmt - Parsing design hierarchy completed successfully.
Adding
/home/tati/Cores/xt_lite_zxdos_black/HW/ipcore_dir/tmp/_cg/VGA_FONT_DST.veo
-view all -origin_type imported
INFO:TclTasksC:2116 - The automatic calculation of top has been turned-off.
   Please set the new top explicitly by running the "project set top" command.
   To re-calculate the new top automatically, set the "Auto Implementation Top"
   property to true.
Top level has been set to "/VGA_FONT_DST"
Generating README file...
Generating FLIST file...
INFO:sim:948 - Finished FLIST file generation.
Launching README viewer...
Moving files to output directory...
Finished moving files to output directory
Wrote CGP file for project 'VGA_FONT_DST'.
